<testsuites id="" name="" tests="7" failures="1" skipped="6" errors="0" time="3.87961">
<testsuite name="inspection.spec.ts" timestamp="2025-08-14T10:17:53.990Z" hostname="chromium" tests="7" failures="1" skipped="6" time="0.763" errors="0">
<testcase name="Inspection Module E2E Tests â€º S0: Boot smoke - load &quot;/&quot; and assert FE renders" classname="inspection.spec.ts" time="0.763">
<failure message="inspection.spec.ts:64:7 S0: Boot smoke - load &quot;/&quot; and assert FE renders" type="FAILURE">
<![CDATA[  [chromium] â€º inspection.spec.ts:64:7 â€º Inspection Module E2E Tests â€º S0: Boot smoke - load "/" and assert FE renders â€º Navigate to home page 

    Error: page.goto: net::ERR_SSL_PROTOCOL_ERROR at http://app:8000/
    Call log:
      - navigating to "http://app:8000/", waiting until "load"


      64 |   test('S0: Boot smoke - load "/" and assert FE renders', async () => {
      65 |     await test.step('Navigate to home page', async () => {
    > 66 |       await page.goto('/');
         |                  ^
      67 |       await page.waitForLoadState('networkidle');
      68 |       
      69 |       // Assert page loads successfully
        at /work/tests/e2e/inspection.spec.ts:66:18
        at /work/tests/e2e/inspection.spec.ts:65:16

    attachment #1: screenshot (image/png) â”€â”€â”€â”€â”€â”€â”€â”€â”€â”€â”€â”€â”€â”€â”€â”€â”€â”€â”€â”€â”€â”€â”€â”€â”€â”€â”€â”€â”€â”€â”€â”€â”€â”€â”€â”€â”€â”€â”€â”€â”€â”€â”€â”€â”€â”€â”€â”€â”€â”€â”€â”€â”€â”€â”€â”€â”€â”€
    ../../test-results/inspection-Inspection-Modu-baf82--load-and-assert-FE-renders-chromium/test-failed-1.png
    â”€â”€â”€â”€â”€â”€â”€â”€â”€â”€â”€â”€â”€â”€â”€â”€â”€â”€â”€â”€â”€â”€â”€â”€â”€â”€â”€â”€â”€â”€â”€â”€â”€â”€â”€â”€â”€â”€â”€â”€â”€â”€â”€â”€â”€â”€â”€â”€â”€â”€â”€â”€â”€â”€â”€â”€â”€â”€â”€â”€â”€â”€â”€â”€â”€â”€â”€â”€â”€â”€â”€â”€â”€â”€â”€â”€â”€â”€â”€â”€â”€â”€â”€â”€â”€â”€â”€â”€â”€â”€â”€â”€â”€â”€â”€â”€

    attachment #2: video (video/webm) â”€â”€â”€â”€â”€â”€â”€â”€â”€â”€â”€â”€â”€â”€â”€â”€â”€â”€â”€â”€â”€â”€â”€â”€â”€â”€â”€â”€â”€â”€â”€â”€â”€â”€â”€â”€â”€â”€â”€â”€â”€â”€â”€â”€â”€â”€â”€â”€â”€â”€â”€â”€â”€â”€â”€â”€â”€â”€â”€â”€â”€â”€
    ../../test-results/inspection-Inspection-Modu-baf82--load-and-assert-FE-renders-chromium/video.webm
    â”€â”€â”€â”€â”€â”€â”€â”€â”€â”€â”€â”€â”€â”€â”€â”€â”€â”€â”€â”€â”€â”€â”€â”€â”€â”€â”€â”€â”€â”€â”€â”€â”€â”€â”€â”€â”€â”€â”€â”€â”€â”€â”€â”€â”€â”€â”€â”€â”€â”€â”€â”€â”€â”€â”€â”€â”€â”€â”€â”€â”€â”€â”€â”€â”€â”€â”€â”€â”€â”€â”€â”€â”€â”€â”€â”€â”€â”€â”€â”€â”€â”€â”€â”€â”€â”€â”€â”€â”€â”€â”€â”€â”€â”€â”€â”€

    attachment #3: trace (application/zip) â”€â”€â”€â”€â”€â”€â”€â”€â”€â”€â”€â”€â”€â”€â”€â”€â”€â”€â”€â”€â”€â”€â”€â”€â”€â”€â”€â”€â”€â”€â”€â”€â”€â”€â”€â”€â”€â”€â”€â”€â”€â”€â”€â”€â”€â”€â”€â”€â”€â”€â”€â”€â”€â”€â”€â”€â”€
    ../../test-results/inspection-Inspection-Modu-baf82--load-and-assert-FE-renders-chromium/trace.zip
    Usage:

        npx playwright show-trace ../../test-results/inspection-Inspection-Modu-baf82--load-and-assert-FE-renders-chromium/trace.zip

    â”€â”€â”€â”€â”€â”€â”€â”€â”€â”€â”€â”€â”€â”€â”€â”€â”€â”€â”€â”€â”€â”€â”€â”€â”€â”€â”€â”€â”€â”€â”€â”€â”€â”€â”€â”€â”€â”€â”€â”€â”€â”€â”€â”€â”€â”€â”€â”€â”€â”€â”€â”€â”€â”€â”€â”€â”€â”€â”€â”€â”€â”€â”€â”€â”€â”€â”€â”€â”€â”€â”€â”€â”€â”€â”€â”€â”€â”€â”€â”€â”€â”€â”€â”€â”€â”€â”€â”€â”€â”€â”€â”€â”€â”€â”€â”€

    Retry #1 â”€â”€â”€â”€â”€â”€â”€â”€â”€â”€â”€â”€â”€â”€â”€â”€â”€â”€â”€â”€â”€â”€â”€â”€â”€â”€â”€â”€â”€â”€â”€â”€â”€â”€â”€â”€â”€â”€â”€â”€â”€â”€â”€â”€â”€â”€â”€â”€â”€â”€â”€â”€â”€â”€â”€â”€â”€â”€â”€â”€â”€â”€â”€â”€â”€â”€â”€â”€â”€â”€â”€â”€â”€â”€â”€â”€â”€â”€â”€â”€â”€â”€â”€â”€â”€â”€â”€

    Error: page.goto: net::ERR_SSL_PROTOCOL_ERROR at http://app:8000/
    Call log:
      - navigating to "http://app:8000/", waiting until "load"


      64 |   test('S0: Boot smoke - load "/" and assert FE renders', async () => {
      65 |     await test.step('Navigate to home page', async () => {
    > 66 |       await page.goto('/');
         |                  ^
      67 |       await page.waitForLoadState('networkidle');
      68 |       
      69 |       // Assert page loads successfully
        at /work/tests/e2e/inspection.spec.ts:66:18
        at /work/tests/e2e/inspection.spec.ts:65:16

    attachment #1: screenshot (image/png) â”€â”€â”€â”€â”€â”€â”€â”€â”€â”€â”€â”€â”€â”€â”€â”€â”€â”€â”€â”€â”€â”€â”€â”€â”€â”€â”€â”€â”€â”€â”€â”€â”€â”€â”€â”€â”€â”€â”€â”€â”€â”€â”€â”€â”€â”€â”€â”€â”€â”€â”€â”€â”€â”€â”€â”€â”€â”€
    ../../test-results/inspection-Inspection-Modu-baf82--load-and-assert-FE-renders-chromium-retry1/test-failed-1.png
    â”€â”€â”€â”€â”€â”€â”€â”€â”€â”€â”€â”€â”€â”€â”€â”€â”€â”€â”€â”€â”€â”€â”€â”€â”€â”€â”€â”€â”€â”€â”€â”€â”€â”€â”€â”€â”€â”€â”€â”€â”€â”€â”€â”€â”€â”€â”€â”€â”€â”€â”€â”€â”€â”€â”€â”€â”€â”€â”€â”€â”€â”€â”€â”€â”€â”€â”€â”€â”€â”€â”€â”€â”€â”€â”€â”€â”€â”€â”€â”€â”€â”€â”€â”€â”€â”€â”€â”€â”€â”€â”€â”€â”€â”€â”€â”€

    attachment #2: video (video/webm) â”€â”€â”€â”€â”€â”€â”€â”€â”€â”€â”€â”€â”€â”€â”€â”€â”€â”€â”€â”€â”€â”€â”€â”€â”€â”€â”€â”€â”€â”€â”€â”€â”€â”€â”€â”€â”€â”€â”€â”€â”€â”€â”€â”€â”€â”€â”€â”€â”€â”€â”€â”€â”€â”€â”€â”€â”€â”€â”€â”€â”€â”€
    ../../test-results/inspection-Inspection-Modu-baf82--load-and-assert-FE-renders-chromium-retry1/video.webm
    â”€â”€â”€â”€â”€â”€â”€â”€â”€â”€â”€â”€â”€â”€â”€â”€â”€â”€â”€â”€â”€â”€â”€â”€â”€â”€â”€â”€â”€â”€â”€â”€â”€â”€â”€â”€â”€â”€â”€â”€â”€â”€â”€â”€â”€â”€â”€â”€â”€â”€â”€â”€â”€â”€â”€â”€â”€â”€â”€â”€â”€â”€â”€â”€â”€â”€â”€â”€â”€â”€â”€â”€â”€â”€â”€â”€â”€â”€â”€â”€â”€â”€â”€â”€â”€â”€â”€â”€â”€â”€â”€â”€â”€â”€â”€â”€

    attachment #3: trace (application/zip) â”€â”€â”€â”€â”€â”€â”€â”€â”€â”€â”€â”€â”€â”€â”€â”€â”€â”€â”€â”€â”€â”€â”€â”€â”€â”€â”€â”€â”€â”€â”€â”€â”€â”€â”€â”€â”€â”€â”€â”€â”€â”€â”€â”€â”€â”€â”€â”€â”€â”€â”€â”€â”€â”€â”€â”€â”€
    ../../test-results/inspection-Inspection-Modu-baf82--load-and-assert-FE-renders-chromium-retry1/trace.zip
    Usage:

        npx playwright show-trace ../../test-results/inspection-Inspection-Modu-baf82--load-and-assert-FE-renders-chromium-retry1/trace.zip

    â”€â”€â”€â”€â”€â”€â”€â”€â”€â”€â”€â”€â”€â”€â”€â”€â”€â”€â”€â”€â”€â”€â”€â”€â”€â”€â”€â”€â”€â”€â”€â”€â”€â”€â”€â”€â”€â”€â”€â”€â”€â”€â”€â”€â”€â”€â”€â”€â”€â”€â”€â”€â”€â”€â”€â”€â”€â”€â”€â”€â”€â”€â”€â”€â”€â”€â”€â”€â”€â”€â”€â”€â”€â”€â”€â”€â”€â”€â”€â”€â”€â”€â”€â”€â”€â”€â”€â”€â”€â”€â”€â”€â”€â”€â”€â”€

    Retry #2 â”€â”€â”€â”€â”€â”€â”€â”€â”€â”€â”€â”€â”€â”€â”€â”€â”€â”€â”€â”€â”€â”€â”€â”€â”€â”€â”€â”€â”€â”€â”€â”€â”€â”€â”€â”€â”€â”€â”€â”€â”€â”€â”€â”€â”€â”€â”€â”€â”€â”€â”€â”€â”€â”€â”€â”€â”€â”€â”€â”€â”€â”€â”€â”€â”€â”€â”€â”€â”€â”€â”€â”€â”€â”€â”€â”€â”€â”€â”€â”€â”€â”€â”€â”€â”€â”€â”€

    Error: page.goto: net::ERR_SSL_PROTOCOL_ERROR at http://app:8000/
    Call log:
      - navigating to "http://app:8000/", waiting until "load"


      64 |   test('S0: Boot smoke - load "/" and assert FE renders', async () => {
      65 |     await test.step('Navigate to home page', async () => {
    > 66 |       await page.goto('/');
         |                  ^
      67 |       await page.waitForLoadState('networkidle');
      68 |       
      69 |       // Assert page loads successfully
        at /work/tests/e2e/inspection.spec.ts:66:18
        at /work/tests/e2e/inspection.spec.ts:65:16

    attachment #1: screenshot (image/png) â”€â”€â”€â”€â”€â”€â”€â”€â”€â”€â”€â”€â”€â”€â”€â”€â”€â”€â”€â”€â”€â”€â”€â”€â”€â”€â”€â”€â”€â”€â”€â”€â”€â”€â”€â”€â”€â”€â”€â”€â”€â”€â”€â”€â”€â”€â”€â”€â”€â”€â”€â”€â”€â”€â”€â”€â”€â”€
    ../../test-results/inspection-Inspection-Modu-baf82--load-and-assert-FE-renders-chromium-retry2/test-failed-1.png
    â”€â”€â”€â”€â”€â”€â”€â”€â”€â”€â”€â”€â”€â”€â”€â”€â”€â”€â”€â”€â”€â”€â”€â”€â”€â”€â”€â”€â”€â”€â”€â”€â”€â”€â”€â”€â”€â”€â”€â”€â”€â”€â”€â”€â”€â”€â”€â”€â”€â”€â”€â”€â”€â”€â”€â”€â”€â”€â”€â”€â”€â”€â”€â”€â”€â”€â”€â”€â”€â”€â”€â”€â”€â”€â”€â”€â”€â”€â”€â”€â”€â”€â”€â”€â”€â”€â”€â”€â”€â”€â”€â”€â”€â”€â”€â”€

    attachment #2: video (video/webm) â”€â”€â”€â”€â”€â”€â”€â”€â”€â”€â”€â”€â”€â”€â”€â”€â”€â”€â”€â”€â”€â”€â”€â”€â”€â”€â”€â”€â”€â”€â”€â”€â”€â”€â”€â”€â”€â”€â”€â”€â”€â”€â”€â”€â”€â”€â”€â”€â”€â”€â”€â”€â”€â”€â”€â”€â”€â”€â”€â”€â”€â”€
    ../../test-results/inspection-Inspection-Modu-baf82--load-and-assert-FE-renders-chromium-retry2/video.webm
    â”€â”€â”€â”€â”€â”€â”€â”€â”€â”€â”€â”€â”€â”€â”€â”€â”€â”€â”€â”€â”€â”€â”€â”€â”€â”€â”€â”€â”€â”€â”€â”€â”€â”€â”€â”€â”€â”€â”€â”€â”€â”€â”€â”€â”€â”€â”€â”€â”€â”€â”€â”€â”€â”€â”€â”€â”€â”€â”€â”€â”€â”€â”€â”€â”€â”€â”€â”€â”€â”€â”€â”€â”€â”€â”€â”€â”€â”€â”€â”€â”€â”€â”€â”€â”€â”€â”€â”€â”€â”€â”€â”€â”€â”€â”€â”€

    attachment #3: trace (application/zip) â”€â”€â”€â”€â”€â”€â”€â”€â”€â”€â”€â”€â”€â”€â”€â”€â”€â”€â”€â”€â”€â”€â”€â”€â”€â”€â”€â”€â”€â”€â”€â”€â”€â”€â”€â”€â”€â”€â”€â”€â”€â”€â”€â”€â”€â”€â”€â”€â”€â”€â”€â”€â”€â”€â”€â”€â”€
    ../../test-results/inspection-Inspection-Modu-baf82--load-and-assert-FE-renders-chromium-retry2/trace.zip
    Usage:

        npx playwright show-trace ../../test-results/inspection-Inspection-Modu-baf82--load-and-assert-FE-renders-chromium-retry2/trace.zip

    â”€â”€â”€â”€â”€â”€â”€â”€â”€â”€â”€â”€â”€â”€â”€â”€â”€â”€â”€â”€â”€â”€â”€â”€â”€â”€â”€â”€â”€â”€â”€â”€â”€â”€â”€â”€â”€â”€â”€â”€â”€â”€â”€â”€â”€â”€â”€â”€â”€â”€â”€â”€â”€â”€â”€â”€â”€â”€â”€â”€â”€â”€â”€â”€â”€â”€â”€â”€â”€â”€â”€â”€â”€â”€â”€â”€â”€â”€â”€â”€â”€â”€â”€â”€â”€â”€â”€â”€â”€â”€â”€â”€â”€â”€â”€â”€
]]>
</failure>
<system-out>
<![CDATA[HTTP Error: 307 http://app:8000/
ðŸ§¹ Cleaning up test environment...
âœ… Test environment cleanup complete

[[ATTACHMENT|../test-results/inspection-Inspection-Modu-baf82--load-and-assert-FE-renders-chromium/test-failed-1.png]]

[[ATTACHMENT|../test-results/inspection-Inspection-Modu-baf82--load-and-assert-FE-renders-chromium/video.webm]]

[[ATTACHMENT|../test-results/inspection-Inspection-Modu-baf82--load-and-assert-FE-renders-chromium/trace.zip]]
HTTP Error: 307 http://app:8000/
ðŸ§¹ Cleaning up test environment...
âœ… Test environment cleanup complete

[[ATTACHMENT|../test-results/inspection-Inspection-Modu-baf82--load-and-assert-FE-renders-chromium-retry1/test-failed-1.png]]

[[ATTACHMENT|../test-results/inspection-Inspection-Modu-baf82--load-and-assert-FE-renders-chromium-retry1/video.webm]]

[[ATTACHMENT|../test-results/inspection-Inspection-Modu-baf82--load-and-assert-FE-renders-chromium-retry1/trace.zip]]
HTTP Error: 307 http://app:8000/
ðŸ§¹ Cleaning up test environment...
âœ… Test environment cleanup complete

[[ATTACHMENT|../test-results/inspection-Inspection-Modu-baf82--load-and-assert-FE-renders-chromium-retry2/test-failed-1.png]]

[[ATTACHMENT|../test-results/inspection-Inspection-Modu-baf82--load-and-assert-FE-renders-chromium-retry2/video.webm]]

[[ATTACHMENT|../test-results/inspection-Inspection-Modu-baf82--load-and-assert-FE-renders-chromium-retry2/trace.zip]]
]]>
</system-out>
<system-err>
<![CDATA[âš ï¸ Get test mode status failed: apiRequestContext.get: connect ECONNREFUSED 127.0.0.1:8000
Call log:
[2m  - â†’ GET http://127.0.0.1:8000/test/status[22m
[2m    - user-agent: Mozilla/5.0 (Windows NT 10.0; Win64; x64) AppleWebKit/537.36 (KHTML, like Gecko) Chrome/139.0.7258.5 Safari/537.36[22m
[2m    - accept: */*[22m
[2m    - accept-encoding: gzip,deflate,br[22m

    at TestAPIClient.getTestModeStatus [90m(/work/[39mtests/e2e/fixtures/inspection-fixtures.ts:157:43[90m)[39m
    at InspectionFixtures.verifyTestMode [90m(/work/[39mtests/e2e/fixtures/inspection-fixtures.ts:248:41[90m)[39m
    at [90m/work/[39mtests/e2e/inspection.spec.ts:35:44 {
  name: [32m'Error'[39m,
  [[32mSymbol(step)[39m]: {
    stepId: [32m'pw:api@4'[39m,
    location: {
      file: [32m'/work/tests/e2e/fixtures/inspection-fixtures.ts'[39m,
      line: [33m157[39m,
      column: [33m43[39m,
      function: [32m'TestAPIClient.getTestModeStatus'[39m
    },
    category: [32m'pw:api'[39m,
    title: [32m'GET "/test/status"'[39m,
    apiName: [32m'apiRequestContext.get'[39m,
    params: {
      url: [32m'http://127.0.0.1:8000/test/status'[39m,
      params: [90mundefined[39m,
      encodedParams: [90mundefined[39m,
      method: [32m'GET'[39m,
      headers: [90mundefined[39m,
      postData: [90mundefined[39m,
      jsonData: [90mundefined[39m,
      formData: [90mundefined[39m,
      multipartData: [90mundefined[39m,
      timeout: [33m0[39m,
      failOnStatusCode: [90mundefined[39m,
      ignoreHTTPSErrors: [90mundefined[39m,
      maxRedirects: [90mundefined[39m,
      maxRetries: [90mundefined[39m,
      __testHookLookup: [90mundefined[39m
    },
    boxedStack: [90mundefined[39m,
    steps: [],
    attachmentIndices: [],
    info: TestStepInfoImpl {
      annotations: [],
      _testInfo: [36m[TestInfoImpl][39m,
      _stepId: [32m'pw:api@4'[39m,
      skip: [36m[Function (anonymous)][39m
    },
    complete: [36m[Function: complete][39m,
    endWallTime: [33m1755166674723[39m,
    error: {
      message: [32m'Error: apiRequestContext.get: connect ECONNREFUSED 127.0.0.1:8000\n'[39m +
        [32m'Call log:\n'[39m +
        [32m'\x1B[2m  - â†’ GET http://127.0.0.1:8000/test/status\x1B[22m\n'[39m +
        [32m'\x1B[2m    - user-agent: Mozilla/5.0 (Windows NT 10.0; Win64; x64) AppleWebKit/537.36 (KHTML, like Gecko) Chrome/139.0.7258.5 Safari/537.36\x1B[22m\n'[39m +
        [32m'\x1B[2m    - accept: */*\x1B[22m\n'[39m +
        [32m'\x1B[2m    - accept-encoding: gzip,deflate,br\x1B[22m\n'[39m,
      stack: [32m'Error: apiRequestContext.get: connect ECONNREFUSED 127.0.0.1:8000\n'[39m +
        [32m'Call log:\n'[39m +
        [32m'\x1B[2m  - â†’ GET http://127.0.0.1:8000/test/status\x1B[22m\n'[39m +
        [32m'\x1B[2m    - user-agent: Mozilla/5.0 (Windows NT 10.0; Win64; x64) AppleWebKit/537.36 (KHTML, like Gecko) Chrome/139.0.7258.5 Safari/537.36\x1B[22m\n'[39m +
        [32m'\x1B[2m    - accept: */*\x1B[22m\n'[39m +
        [32m'\x1B[2m    - accept-encoding: gzip,deflate,br\x1B[22m\n'[39m +
        [32m'\n'[39m +
        [32m'    at TestAPIClient.getTestModeStatus (/work/tests/e2e/fixtures/inspection-fixtures.ts:157:43)\n'[39m +
        [32m'    at InspectionFixtures.verifyTestMode (/work/tests/e2e/fixtures/inspection-fixtures.ts:248:41)\n'[39m +
        [32m'    at /work/tests/e2e/inspection.spec.ts:35:44'[39m,
      cause: [90mundefined[39m
    }
  }
}
âš ï¸ Test mode is not enabled: [1mnull[22m
âš ï¸ Test mode not enabled - some tests may fail
âš ï¸ Clear test inspections failed: apiRequestContext.delete: connect ECONNREFUSED 127.0.0.1:8000
Call log:
[2m  - â†’ DELETE http://127.0.0.1:8000/test/inspections[22m
[2m    - user-agent: Mozilla/5.0 (Windows NT 10.0; Win64; x64) AppleWebKit/537.36 (KHTML, like Gecko) Chrome/139.0.7258.5 Safari/537.36[22m
[2m    - accept: */*[22m
[2m    - accept-encoding: gzip,deflate,br[22m

    at TestAPIClient.clearAllTestInspections [90m(/work/[39mtests/e2e/fixtures/inspection-fixtures.ts:122:49[90m)[39m
    at InspectionFixtures.cleanupTestEnvironment [90m(/work/[39mtests/e2e/fixtures/inspection-fixtures.ts:207:26[90m)[39m
    at [90m/work/[39mtests/e2e/inspection.spec.ts:61:20 {
  name: [32m'Error'[39m,
  [[32mSymbol(step)[39m]: {
    stepId: [32m'pw:api@19'[39m,
    location: {
      file: [32m'/work/tests/e2e/fixtures/inspection-fixtures.ts'[39m,
      line: [33m122[39m,
      column: [33m49[39m,
      function: [32m'TestAPIClient.clearAllTestInspections'[39m
    },
    category: [32m'pw:api'[39m,
    title: [32m'DELETE "/test/inspections"'[39m,
    apiName: [32m'apiRequestContext.delete'[39m,
    params: {
      url: [32m'http://127.0.0.1:8000/test/inspections'[39m,
      params: [90mundefined[39m,
      encodedParams: [90mundefined[39m,
      method: [32m'DELETE'[39m,
      headers: [90mundefined[39m,
      postData: [90mundefined[39m,
      jsonData: [90mundefined[39m,
      formData: [90mundefined[39m,
      multipartData: [90mundefined[39m,
      timeout: [33m0[39m,
      failOnStatusCode: [90mundefined[39m,
      ignoreHTTPSErrors: [90mundefined[39m,
      maxRedirects: [90mundefined[39m,
      maxRetries: [90mundefined[39m,
      __testHookLookup: [90mundefined[39m
    },
    boxedStack: [90mundefined[39m,
    steps: [],
    attachmentIndices: [],
    info: TestStepInfoImpl {
      annotations: [],
      _testInfo: [36m[TestInfoImpl][39m,
      _stepId: [32m'pw:api@19'[39m,
      skip: [36m[Function (anonymous)][39m
    },
    complete: [36m[Function: complete][39m,
    endWallTime: [33m1755166675229[39m,
    error: {
      message: [32m'Error: apiRequestContext.delete: connect ECONNREFUSED 127.0.0.1:8000\n'[39m +
        [32m'Call log:\n'[39m +
        [32m'\x1B[2m  - â†’ DELETE http://127.0.0.1:8000/test/inspections\x1B[22m\n'[39m +
        [32m'\x1B[2m    - user-agent: Mozilla/5.0 (Windows NT 10.0; Win64; x64) AppleWebKit/537.36 (KHTML, like Gecko) Chrome/139.0.7258.5 Safari/537.36\x1B[22m\n'[39m +
        [32m'\x1B[2m    - accept: */*\x1B[22m\n'[39m +
        [32m'\x1B[2m    - accept-encoding: gzip,deflate,br\x1B[22m\n'[39m,
      stack: [32m'Error: apiRequestContext.delete: connect ECONNREFUSED 127.0.0.1:8000\n'[39m +
        [32m'Call log:\n'[39m +
        [32m'\x1B[2m  - â†’ DELETE http://127.0.0.1:8000/test/inspections\x1B[22m\n'[39m +
        [32m'\x1B[2m    - user-agent: Mozilla/5.0 (Windows NT 10.0; Win64; x64) AppleWebKit/537.36 (KHTML, like Gecko) Chrome/139.0.7258.5 Safari/537.36\x1B[22m\n'[39m +
        [32m'\x1B[2m    - accept: */*\x1B[22m\n'[39m +
        [32m'\x1B[2m    - accept-encoding: gzip,deflate,br\x1B[22m\n'[39m +
        [32m'\n'[39m +
        [32m'    at TestAPIClient.clearAllTestInspections (/work/tests/e2e/fixtures/inspection-fixtures.ts:122:49)\n'[39m +
        [32m'    at InspectionFixtures.cleanupTestEnvironment (/work/tests/e2e/fixtures/inspection-fixtures.ts:207:26)\n'[39m +
        [32m'    at /work/tests/e2e/inspection.spec.ts:61:20'[39m,
      cause: [90mundefined[39m
    }
  }
}
âš ï¸ Get test mode status failed: apiRequestContext.get: connect ECONNREFUSED 127.0.0.1:8000
Call log:
[2m  - â†’ GET http://127.0.0.1:8000/test/status[22m
[2m    - user-agent: Mozilla/5.0 (Windows NT 10.0; Win64; x64) AppleWebKit/537.36 (KHTML, like Gecko) Chrome/139.0.7258.5 Safari/537.36[22m
[2m    - accept: */*[22m
[2m    - accept-encoding: gzip,deflate,br[22m

    at TestAPIClient.getTestModeStatus [90m(/work/[39mtests/e2e/fixtures/inspection-fixtures.ts:157:43[90m)[39m
    at InspectionFixtures.verifyTestMode [90m(/work/[39mtests/e2e/fixtures/inspection-fixtures.ts:248:41[90m)[39m
    at [90m/work/[39mtests/e2e/inspection.spec.ts:35:44 {
  name: [32m'Error'[39m,
  [[32mSymbol(step)[39m]: {
    stepId: [32m'pw:api@4'[39m,
    location: {
      file: [32m'/work/tests/e2e/fixtures/inspection-fixtures.ts'[39m,
      line: [33m157[39m,
      column: [33m43[39m,
      function: [32m'TestAPIClient.getTestModeStatus'[39m
    },
    category: [32m'pw:api'[39m,
    title: [32m'GET "/test/status"'[39m,
    apiName: [32m'apiRequestContext.get'[39m,
    params: {
      url: [32m'http://127.0.0.1:8000/test/status'[39m,
      params: [90mundefined[39m,
      encodedParams: [90mundefined[39m,
      method: [32m'GET'[39m,
      headers: [90mundefined[39m,
      postData: [90mundefined[39m,
      jsonData: [90mundefined[39m,
      formData: [90mundefined[39m,
      multipartData: [90mundefined[39m,
      timeout: [33m0[39m,
      failOnStatusCode: [90mundefined[39m,
      ignoreHTTPSErrors: [90mundefined[39m,
      maxRedirects: [90mundefined[39m,
      maxRetries: [90mundefined[39m,
      __testHookLookup: [90mundefined[39m
    },
    boxedStack: [90mundefined[39m,
    steps: [],
    attachmentIndices: [],
    info: TestStepInfoImpl {
      annotations: [],
      _testInfo: [36m[TestInfoImpl][39m,
      _stepId: [32m'pw:api@4'[39m,
      skip: [36m[Function (anonymous)][39m
    },
    complete: [36m[Function: complete][39m,
    endWallTime: [33m1755166676050[39m,
    error: {
      message: [32m'Error: apiRequestContext.get: connect ECONNREFUSED 127.0.0.1:8000\n'[39m +
        [32m'Call log:\n'[39m +
        [32m'\x1B[2m  - â†’ GET http://127.0.0.1:8000/test/status\x1B[22m\n'[39m +
        [32m'\x1B[2m    - user-agent: Mozilla/5.0 (Windows NT 10.0; Win64; x64) AppleWebKit/537.36 (KHTML, like Gecko) Chrome/139.0.7258.5 Safari/537.36\x1B[22m\n'[39m +
        [32m'\x1B[2m    - accept: */*\x1B[22m\n'[39m +
        [32m'\x1B[2m    - accept-encoding: gzip,deflate,br\x1B[22m\n'[39m,
      stack: [32m'Error: apiRequestContext.get: connect ECONNREFUSED 127.0.0.1:8000\n'[39m +
        [32m'Call log:\n'[39m +
        [32m'\x1B[2m  - â†’ GET http://127.0.0.1:8000/test/status\x1B[22m\n'[39m +
        [32m'\x1B[2m    - user-agent: Mozilla/5.0 (Windows NT 10.0; Win64; x64) AppleWebKit/537.36 (KHTML, like Gecko) Chrome/139.0.7258.5 Safari/537.36\x1B[22m\n'[39m +
        [32m'\x1B[2m    - accept: */*\x1B[22m\n'[39m +
        [32m'\x1B[2m    - accept-encoding: gzip,deflate,br\x1B[22m\n'[39m +
        [32m'\n'[39m +
        [32m'    at TestAPIClient.getTestModeStatus (/work/tests/e2e/fixtures/inspection-fixtures.ts:157:43)\n'[39m +
        [32m'    at InspectionFixtures.verifyTestMode (/work/tests/e2e/fixtures/inspection-fixtures.ts:248:41)\n'[39m +
        [32m'    at /work/tests/e2e/inspection.spec.ts:35:44'[39m,
      cause: [90mundefined[39m
    }
  }
}
âš ï¸ Test mode is not enabled: [1mnull[22m
âš ï¸ Test mode not enabled - some tests may fail
âš ï¸ Clear test inspections failed: apiRequestContext.delete: connect ECONNREFUSED 127.0.0.1:8000
Call log:
[2m  - â†’ DELETE http://127.0.0.1:8000/test/inspections[22m
[2m    - user-agent: Mozilla/5.0 (Windows NT 10.0; Win64; x64) AppleWebKit/537.36 (KHTML, like Gecko) Chrome/139.0.7258.5 Safari/537.36[22m
[2m    - accept: */*[22m
[2m    - accept-encoding: gzip,deflate,br[22m

    at TestAPIClient.clearAllTestInspections [90m(/work/[39mtests/e2e/fixtures/inspection-fixtures.ts:122:49[90m)[39m
    at InspectionFixtures.cleanupTestEnvironment [90m(/work/[39mtests/e2e/fixtures/inspection-fixtures.ts:207:26[90m)[39m
    at [90m/work/[39mtests/e2e/inspection.spec.ts:61:20 {
  name: [32m'Error'[39m,
  [[32mSymbol(step)[39m]: {
    stepId: [32m'pw:api@19'[39m,
    location: {
      file: [32m'/work/tests/e2e/fixtures/inspection-fixtures.ts'[39m,
      line: [33m122[39m,
      column: [33m49[39m,
      function: [32m'TestAPIClient.clearAllTestInspections'[39m
    },
    category: [32m'pw:api'[39m,
    title: [32m'DELETE "/test/inspections"'[39m,
    apiName: [32m'apiRequestContext.delete'[39m,
    params: {
      url: [32m'http://127.0.0.1:8000/test/inspections'[39m,
      params: [90mundefined[39m,
      encodedParams: [90mundefined[39m,
      method: [32m'DELETE'[39m,
      headers: [90mundefined[39m,
      postData: [90mundefined[39m,
      jsonData: [90mundefined[39m,
      formData: [90mundefined[39m,
      multipartData: [90mundefined[39m,
      timeout: [33m0[39m,
      failOnStatusCode: [90mundefined[39m,
      ignoreHTTPSErrors: [90mundefined[39m,
      maxRedirects: [90mundefined[39m,
      maxRetries: [90mundefined[39m,
      __testHookLookup: [90mundefined[39m
    },
    boxedStack: [90mundefined[39m,
    steps: [],
    attachmentIndices: [],
    info: TestStepInfoImpl {
      annotations: [],
      _testInfo: [36m[TestInfoImpl][39m,
      _stepId: [32m'pw:api@19'[39m,
      skip: [36m[Function (anonymous)][39m
    },
    complete: [36m[Function: complete][39m,
    endWallTime: [33m1755166676406[39m,
    error: {
      message: [32m'Error: apiRequestContext.delete: connect ECONNREFUSED 127.0.0.1:8000\n'[39m +
        [32m'Call log:\n'[39m +
        [32m'\x1B[2m  - â†’ DELETE http://127.0.0.1:8000/test/inspections\x1B[22m\n'[39m +
        [32m'\x1B[2m    - user-agent: Mozilla/5.0 (Windows NT 10.0; Win64; x64) AppleWebKit/537.36 (KHTML, like Gecko) Chrome/139.0.7258.5 Safari/537.36\x1B[22m\n'[39m +
        [32m'\x1B[2m    - accept: */*\x1B[22m\n'[39m +
        [32m'\x1B[2m    - accept-encoding: gzip,deflate,br\x1B[22m\n'[39m,
      stack: [32m'Error: apiRequestContext.delete: connect ECONNREFUSED 127.0.0.1:8000\n'[39m +
        [32m'Call log:\n'[39m +
        [32m'\x1B[2m  - â†’ DELETE http://127.0.0.1:8000/test/inspections\x1B[22m\n'[39m +
        [32m'\x1B[2m    - user-agent: Mozilla/5.0 (Windows NT 10.0; Win64; x64) AppleWebKit/537.36 (KHTML, like Gecko) Chrome/139.0.7258.5 Safari/537.36\x1B[22m\n'[39m +
        [32m'\x1B[2m    - accept: */*\x1B[22m\n'[39m +
        [32m'\x1B[2m    - accept-encoding: gzip,deflate,br\x1B[22m\n'[39m +
        [32m'\n'[39m +
        [32m'    at TestAPIClient.clearAllTestInspections (/work/tests/e2e/fixtures/inspection-fixtures.ts:122:49)\n'[39m +
        [32m'    at InspectionFixtures.cleanupTestEnvironment (/work/tests/e2e/fixtures/inspection-fixtures.ts:207:26)\n'[39m +
        [32m'    at /work/tests/e2e/inspection.spec.ts:61:20'[39m,
      cause: [90mundefined[39m
    }
  }
}
âš ï¸ Get test mode status failed: apiRequestContext.get: connect ECONNREFUSED 127.0.0.1:8000
Call log:
[2m  - â†’ GET http://127.0.0.1:8000/test/status[22m
[2m    - user-agent: Mozilla/5.0 (Windows NT 10.0; Win64; x64) AppleWebKit/537.36 (KHTML, like Gecko) Chrome/139.0.7258.5 Safari/537.36[22m
[2m    - accept: */*[22m
[2m    - accept-encoding: gzip,deflate,br[22m

    at TestAPIClient.getTestModeStatus [90m(/work/[39mtests/e2e/fixtures/inspection-fixtures.ts:157:43[90m)[39m
    at InspectionFixtures.verifyTestMode [90m(/work/[39mtests/e2e/fixtures/inspection-fixtures.ts:248:41[90m)[39m
    at [90m/work/[39mtests/e2e/inspection.spec.ts:35:44 {
  name: [32m'Error'[39m,
  [[32mSymbol(step)[39m]: {
    stepId: [32m'pw:api@4'[39m,
    location: {
      file: [32m'/work/tests/e2e/fixtures/inspection-fixtures.ts'[39m,
      line: [33m157[39m,
      column: [33m43[39m,
      function: [32m'TestAPIClient.getTestModeStatus'[39m
    },
    category: [32m'pw:api'[39m,
    title: [32m'GET "/test/status"'[39m,
    apiName: [32m'apiRequestContext.get'[39m,
    params: {
      url: [32m'http://127.0.0.1:8000/test/status'[39m,
      params: [90mundefined[39m,
      encodedParams: [90mundefined[39m,
      method: [32m'GET'[39m,
      headers: [90mundefined[39m,
      postData: [90mundefined[39m,
      jsonData: [90mundefined[39m,
      formData: [90mundefined[39m,
      multipartData: [90mundefined[39m,
      timeout: [33m0[39m,
      failOnStatusCode: [90mundefined[39m,
      ignoreHTTPSErrors: [90mundefined[39m,
      maxRedirects: [90mundefined[39m,
      maxRetries: [90mundefined[39m,
      __testHookLookup: [90mundefined[39m
    },
    boxedStack: [90mundefined[39m,
    steps: [],
    attachmentIndices: [],
    info: TestStepInfoImpl {
      annotations: [],
      _testInfo: [36m[TestInfoImpl][39m,
      _stepId: [32m'pw:api@4'[39m,
      skip: [36m[Function (anonymous)][39m
    },
    complete: [36m[Function: complete][39m,
    endWallTime: [33m1755166677221[39m,
    error: {
      message: [32m'Error: apiRequestContext.get: connect ECONNREFUSED 127.0.0.1:8000\n'[39m +
        [32m'Call log:\n'[39m +
        [32m'\x1B[2m  - â†’ GET http://127.0.0.1:8000/test/status\x1B[22m\n'[39m +
        [32m'\x1B[2m    - user-agent: Mozilla/5.0 (Windows NT 10.0; Win64; x64) AppleWebKit/537.36 (KHTML, like Gecko) Chrome/139.0.7258.5 Safari/537.36\x1B[22m\n'[39m +
        [32m'\x1B[2m    - accept: */*\x1B[22m\n'[39m +
        [32m'\x1B[2m    - accept-encoding: gzip,deflate,br\x1B[22m\n'[39m,
      stack: [32m'Error: apiRequestContext.get: connect ECONNREFUSED 127.0.0.1:8000\n'[39m +
        [32m'Call log:\n'[39m +
        [32m'\x1B[2m  - â†’ GET http://127.0.0.1:8000/test/status\x1B[22m\n'[39m +
        [32m'\x1B[2m    - user-agent: Mozilla/5.0 (Windows NT 10.0; Win64; x64) AppleWebKit/537.36 (KHTML, like Gecko) Chrome/139.0.7258.5 Safari/537.36\x1B[22m\n'[39m +
        [32m'\x1B[2m    - accept: */*\x1B[22m\n'[39m +
        [32m'\x1B[2m    - accept-encoding: gzip,deflate,br\x1B[22m\n'[39m +
        [32m'\n'[39m +
        [32m'    at TestAPIClient.getTestModeStatus (/work/tests/e2e/fixtures/inspection-fixtures.ts:157:43)\n'[39m +
        [32m'    at InspectionFixtures.verifyTestMode (/work/tests/e2e/fixtures/inspection-fixtures.ts:248:41)\n'[39m +
        [32m'    at /work/tests/e2e/inspection.spec.ts:35:44'[39m,
      cause: [90mundefined[39m
    }
  }
}
âš ï¸ Test mode is not enabled: [1mnull[22m
âš ï¸ Test mode not enabled - some tests may fail
âš ï¸ Clear test inspections failed: apiRequestContext.delete: connect ECONNREFUSED 127.0.0.1:8000
Call log:
[2m  - â†’ DELETE http://127.0.0.1:8000/test/inspections[22m
[2m    - user-agent: Mozilla/5.0 (Windows NT 10.0; Win64; x64) AppleWebKit/537.36 (KHTML, like Gecko) Chrome/139.0.7258.5 Safari/537.36[22m
[2m    - accept: */*[22m
[2m    - accept-encoding: gzip,deflate,br[22m

    at TestAPIClient.clearAllTestInspections [90m(/work/[39mtests/e2e/fixtures/inspection-fixtures.ts:122:49[90m)[39m
    at InspectionFixtures.cleanupTestEnvironment [90m(/work/[39mtests/e2e/fixtures/inspection-fixtures.ts:207:26[90m)[39m
    at [90m/work/[39mtests/e2e/inspection.spec.ts:61:20 {
  name: [32m'Error'[39m,
  [[32mSymbol(step)[39m]: {
    stepId: [32m'pw:api@19'[39m,
    location: {
      file: [32m'/work/tests/e2e/fixtures/inspection-fixtures.ts'[39m,
      line: [33m122[39m,
      column: [33m49[39m,
      function: [32m'TestAPIClient.clearAllTestInspections'[39m
    },
    category: [32m'pw:api'[39m,
    title: [32m'DELETE "/test/inspections"'[39m,
    apiName: [32m'apiRequestContext.delete'[39m,
    params: {
      url: [32m'http://127.0.0.1:8000/test/inspections'[39m,
      params: [90mundefined[39m,
      encodedParams: [90mundefined[39m,
      method: [32m'DELETE'[39m,
      headers: [90mundefined[39m,
      postData: [90mundefined[39m,
      jsonData: [90mundefined[39m,
      formData: [90mundefined[39m,
      multipartData: [90mundefined[39m,
      timeout: [33m0[39m,
      failOnStatusCode: [90mundefined[39m,
      ignoreHTTPSErrors: [90mundefined[39m,
      maxRedirects: [90mundefined[39m,
      maxRetries: [90mundefined[39m,
      __testHookLookup: [90mundefined[39m
    },
    boxedStack: [90mundefined[39m,
    steps: [],
    attachmentIndices: [],
    info: TestStepInfoImpl {
      annotations: [],
      _testInfo: [36m[TestInfoImpl][39m,
      _stepId: [32m'pw:api@19'[39m,
      skip: [36m[Function (anonymous)][39m
    },
    complete: [36m[Function: complete][39m,
    endWallTime: [33m1755166677592[39m,
    error: {
      message: [32m'Error: apiRequestContext.delete: connect ECONNREFUSED 127.0.0.1:8000\n'[39m +
        [32m'Call log:\n'[39m +
        [32m'\x1B[2m  - â†’ DELETE http://127.0.0.1:8000/test/inspections\x1B[22m\n'[39m +
        [32m'\x1B[2m    - user-agent: Mozilla/5.0 (Windows NT 10.0; Win64; x64) AppleWebKit/537.36 (KHTML, like Gecko) Chrome/139.0.7258.5 Safari/537.36\x1B[22m\n'[39m +
        [32m'\x1B[2m    - accept: */*\x1B[22m\n'[39m +
        [32m'\x1B[2m    - accept-encoding: gzip,deflate,br\x1B[22m\n'[39m,
      stack: [32m'Error: apiRequestContext.delete: connect ECONNREFUSED 127.0.0.1:8000\n'[39m +
        [32m'Call log:\n'[39m +
        [32m'\x1B[2m  - â†’ DELETE http://127.0.0.1:8000/test/inspections\x1B[22m\n'[39m +
        [32m'\x1B[2m    - user-agent: Mozilla/5.0 (Windows NT 10.0; Win64; x64) AppleWebKit/537.36 (KHTML, like Gecko) Chrome/139.0.7258.5 Safari/537.36\x1B[22m\n'[39m +
        [32m'\x1B[2m    - accept: */*\x1B[22m\n'[39m +
        [32m'\x1B[2m    - accept-encoding: gzip,deflate,br\x1B[22m\n'[39m +
        [32m'\n'[39m +
        [32m'    at TestAPIClient.clearAllTestInspections (/work/tests/e2e/fixtures/inspection-fixtures.ts:122:49)\n'[39m +
        [32m'    at InspectionFixtures.cleanupTestEnvironment (/work/tests/e2e/fixtures/inspection-fixtures.ts:207:26)\n'[39m +
        [32m'    at /work/tests/e2e/inspection.spec.ts:61:20'[39m,
      cause: [90mundefined[39m
    }
  }
}
]]>
</system-err>
</testcase>
<testcase name="Inspection Module E2E Tests â€º S1: Create Inspection - complete flow with VIN decode" classname="inspection.spec.ts" time="0">
<skipped>
</skipped>
</testcase>
<testcase name="Inspection Module E2E Tests â€º S2: Checklist Fill - comprehensive item completion" classname="inspection.spec.ts" time="0">
<skipped>
</skipped>
</testcase>
<testcase name="Inspection Module E2E Tests â€º S3: Save Draft and Resume - persistence verification" classname="inspection.spec.ts" time="0">
<skipped>
</skipped>
</testcase>
<testcase name="Inspection Module E2E Tests â€º S4: Finalize + Report - generate and validate report" classname="inspection.spec.ts" time="0">
<skipped>
</skipped>
</testcase>
<testcase name="Inspection Module E2E Tests â€º S5: FEâ†”BE Data Contract Assertions" classname="inspection.spec.ts" time="0">
<skipped>
</skipped>
</testcase>
<testcase name="Inspection Module E2E Tests â€º S6: Negative/Edge Cases" classname="inspection.spec.ts" time="0">
<skipped>
</skipped>
</testcase>
</testsuite>
</testsuites>